Determining if the pthread_create exist failed with the following output:
Change Dir: /home/oscar/Escritorio/TSI/Practica1/catkin_ws/build/CMakeFiles/CMakeTmp

Run Build Command:"/usr/bin/make" "cmTC_86dca/fast"
/usr/bin/make -f CMakeFiles/cmTC_86dca.dir/build.make CMakeFiles/cmTC_86dca.dir/build
make[1]: se entra en el directorio '/home/oscar/Escritorio/TSI/Practica1/catkin_ws/build/CMakeFiles/CMakeTmp'
Building C object CMakeFiles/cmTC_86dca.dir/CheckSymbolExists.c.o
/usr/bin/cc     -o CMakeFiles/cmTC_86dca.dir/CheckSymbolExists.c.o   -c /home/oscar/Escritorio/TSI/Practica1/catkin_ws/build/CMakeFiles/CMakeTmp/CheckSymbolExists.c
Linking C executable cmTC_86dca
/usr/bin/cmake -E cmake_link_script CMakeFiles/cmTC_86dca.dir/link.txt --verbose=1
/usr/bin/cc       CMakeFiles/cmTC_86dca.dir/CheckSymbolExists.c.o  -o cmTC_86dca -rdynamic 
CMakeFiles/cmTC_86dca.dir/CheckSymbolExists.c.o: En la función `main':
CheckSymbolExists.c:(.text+0x16): referencia a `pthread_create' sin definir
collect2: error: ld returned 1 exit status
CMakeFiles/cmTC_86dca.dir/build.make:97: fallo en las instrucciones para el objetivo 'cmTC_86dca'
make[1]: *** [cmTC_86dca] Error 1
make[1]: se sale del directorio '/home/oscar/Escritorio/TSI/Practica1/catkin_ws/build/CMakeFiles/CMakeTmp'
Makefile:126: fallo en las instrucciones para el objetivo 'cmTC_86dca/fast'
make: *** [cmTC_86dca/fast] Error 2

File /home/oscar/Escritorio/TSI/Practica1/catkin_ws/build/CMakeFiles/CMakeTmp/CheckSymbolExists.c:
/* */
#include <pthread.h>

int main(int argc, char** argv)
{
  (void)argv;
#ifndef pthread_create
  return ((int*)(&pthread_create))[argc];
#else
  (void)argc;
  return 0;
#endif
}

Determining if the function pthread_create exists in the pthreads failed with the following output:
Change Dir: /home/oscar/Escritorio/TSI/Practica1/catkin_ws/build/CMakeFiles/CMakeTmp

Run Build Command:"/usr/bin/make" "cmTC_962ee/fast"
/usr/bin/make -f CMakeFiles/cmTC_962ee.dir/build.make CMakeFiles/cmTC_962ee.dir/build
make[1]: se entra en el directorio '/home/oscar/Escritorio/TSI/Practica1/catkin_ws/build/CMakeFiles/CMakeTmp'
Building C object CMakeFiles/cmTC_962ee.dir/CheckFunctionExists.c.o
/usr/bin/cc    -DCHECK_FUNCTION_EXISTS=pthread_create   -o CMakeFiles/cmTC_962ee.dir/CheckFunctionExists.c.o   -c /usr/share/cmake-3.5/Modules/CheckFunctionExists.c
Linking C executable cmTC_962ee
/usr/bin/cmake -E cmake_link_script CMakeFiles/cmTC_962ee.dir/link.txt --verbose=1
/usr/bin/cc   -DCHECK_FUNCTION_EXISTS=pthread_create    CMakeFiles/cmTC_962ee.dir/CheckFunctionExists.c.o  -o cmTC_962ee -rdynamic -lpthreads 
/usr/bin/ld: no se puede encontrar -lpthreads
collect2: error: ld returned 1 exit status
CMakeFiles/cmTC_962ee.dir/build.make:97: fallo en las instrucciones para el objetivo 'cmTC_962ee'
make[1]: *** [cmTC_962ee] Error 1
make[1]: se sale del directorio '/home/oscar/Escritorio/TSI/Practica1/catkin_ws/build/CMakeFiles/CMakeTmp'
Makefile:126: fallo en las instrucciones para el objetivo 'cmTC_962ee/fast'
make: *** [cmTC_962ee/fast] Error 2


